{"F:\\study\\api_validation_nodejs\\nodejs_api_validation\\index.js": {"path":"F:\\study\\api_validation_nodejs\\nodejs_api_validation\\index.js","statementMap":{"0":{"start":{"line":1,"column":16},"end":{"line":1,"column":34}},"1":{"start":{"line":2,"column":13},"end":{"line":2,"column":28}},"2":{"start":{"line":3,"column":11},"end":{"line":3,"column":26}},"3":{"start":{"line":4,"column":10},"end":{"line":4,"column":19}},"4":{"start":{"line":5,"column":0},"end":{"line":5,"column":16}},"5":{"start":{"line":6,"column":0},"end":{"line":6,"column":24}},"6":{"start":{"line":7,"column":13},"end":{"line":7,"column":37}},"7":{"start":{"line":8,"column":16},"end":{"line":8,"column":45}},"8":{"start":{"line":9,"column":20},"end":{"line":9,"column":45}},"9":{"start":{"line":11,"column":19},"end":{"line":11,"column":43}},"10":{"start":{"line":12,"column":0},"end":{"line":12,"column":25}},"11":{"start":{"line":14,"column":0},"end":{"line":14,"column":64}},"12":{"start":{"line":16,"column":15},"end":{"line":16,"column":37}},"13":{"start":{"line":17,"column":0},"end":{"line":21,"column":1}},"14":{"start":{"line":18,"column":2},"end":{"line":20,"column":5}},"15":{"start":{"line":19,"column":4},"end":{"line":19,"column":62}},"16":{"start":{"line":23,"column":0},"end":{"line":23,"column":33}}},"fnMap":{"0":{"name":"(anonymous_0)","decl":{"start":{"line":18,"column":22},"end":{"line":18,"column":23}},"loc":{"start":{"line":18,"column":34},"end":{"line":20,"column":3}},"line":18}},"branchMap":{"0":{"loc":{"start":{"line":7,"column":13},"end":{"line":7,"column":37}},"type":"binary-expr","locations":[{"start":{"line":7,"column":13},"end":{"line":7,"column":29}},{"start":{"line":7,"column":33},"end":{"line":7,"column":37}}],"line":7},"1":{"loc":{"start":{"line":17,"column":0},"end":{"line":21,"column":1}},"type":"if","locations":[{"start":{"line":17,"column":0},"end":{"line":21,"column":1}},{"start":{},"end":{}}],"line":17}},"s":{"0":1,"1":1,"2":1,"3":1,"4":1,"5":1,"6":1,"7":1,"8":1,"9":1,"10":1,"11":1,"12":1,"13":1,"14":0,"15":0,"16":1},"f":{"0":0},"b":{"0":[1,1],"1":[0,1]},"_coverageSchema":"1a1c01bbd47fc00a2c39e90264f33305004495a9","hash":"4f816652876e4b1221766848dd9aac9a0ab5c63c"}
,"F:\\study\\api_validation_nodejs\\nodejs_api_validation\\SchemaValidation\\api_validation.js": {"path":"F:\\study\\api_validation_nodejs\\nodejs_api_validation\\SchemaValidation\\api_validation.js","statementMap":{"0":{"start":{"line":1,"column":12},"end":{"line":1,"column":26}},"1":{"start":{"line":3,"column":0},"end":{"line":17,"column":2}},"2":{"start":{"line":4,"column":2},"end":{"line":16,"column":5}}},"fnMap":{"0":{"name":"(anonymous_0)","decl":{"start":{"line":3,"column":22},"end":{"line":3,"column":23}},"loc":{"start":{"line":3,"column":36},"end":{"line":17,"column":1}},"line":3}},"branchMap":{},"s":{"0":2,"1":2,"2":22},"f":{"0":22},"b":{},"_coverageSchema":"1a1c01bbd47fc00a2c39e90264f33305004495a9","hash":"629a2f85dd1438ad653396352a88fd9f511458c1"}
,"F:\\study\\api_validation_nodejs\\nodejs_api_validation\\SchemaValidation\\customizeError.js": {"path":"F:\\study\\api_validation_nodejs\\nodejs_api_validation\\SchemaValidation\\customizeError.js","statementMap":{"0":{"start":{"line":1,"column":0},"end":{"line":27,"column":2}},"1":{"start":{"line":2,"column":19},"end":{"line":2,"column":21}},"2":{"start":{"line":3,"column":2},"end":{"line":24,"column":3}},"3":{"start":{"line":3,"column":15},"end":{"line":3,"column":16}},"4":{"start":{"line":4,"column":22},"end":{"line":4,"column":48}},"5":{"start":{"line":5,"column":18},"end":{"line":12,"column":10}},"6":{"start":{"line":13,"column":4},"end":{"line":23,"column":5}},"7":{"start":{"line":15,"column":8},"end":{"line":15,"column":69}},"8":{"start":{"line":16,"column":8},"end":{"line":16,"column":14}},"9":{"start":{"line":18,"column":8},"end":{"line":18,"column":73}},"10":{"start":{"line":19,"column":8},"end":{"line":19,"column":14}},"11":{"start":{"line":21,"column":8},"end":{"line":21,"column":55}},"12":{"start":{"line":22,"column":8},"end":{"line":22,"column":14}},"13":{"start":{"line":26,"column":2},"end":{"line":26,"column":20}}},"fnMap":{"0":{"name":"(anonymous_0)","decl":{"start":{"line":1,"column":34},"end":{"line":1,"column":35}},"loc":{"start":{"line":1,"column":51},"end":{"line":27,"column":1}},"line":1}},"branchMap":{"0":{"loc":{"start":{"line":5,"column":18},"end":{"line":12,"column":10}},"type":"cond-expr","locations":[{"start":{"line":6,"column":8},"end":{"line":11,"column":24}},{"start":{"line":12,"column":8},"end":{"line":12,"column":10}}],"line":5},"1":{"loc":{"start":{"line":13,"column":4},"end":{"line":23,"column":5}},"type":"switch","locations":[{"start":{"line":14,"column":6},"end":{"line":16,"column":14}},{"start":{"line":17,"column":6},"end":{"line":19,"column":14}},{"start":{"line":20,"column":6},"end":{"line":22,"column":14}}],"line":13}},"s":{"0":3,"1":26,"2":26,"3":26,"4":47,"5":47,"6":47,"7":32,"8":32,"9":2,"10":2,"11":13,"12":13,"13":25},"f":{"0":26},"b":{"0":[46,1],"1":[32,2,13]},"_coverageSchema":"1a1c01bbd47fc00a2c39e90264f33305004495a9","hash":"cd0d4f9372931612326a86f4e604026dd90cdc47"}
,"F:\\study\\api_validation_nodejs\\nodejs_api_validation\\SchemaValidation\\index.js": {"path":"F:\\study\\api_validation_nodejs\\nodejs_api_validation\\SchemaValidation\\index.js","statementMap":{"0":{"start":{"line":1,"column":20},"end":{"line":1,"column":47}},"1":{"start":{"line":2,"column":23},"end":{"line":2,"column":50}},"2":{"start":{"line":3,"column":12},"end":{"line":3,"column":26}},"3":{"start":{"line":5,"column":0},"end":{"line":32,"column":2}},"4":{"start":{"line":6,"column":19},"end":{"line":6,"column":22}},"5":{"start":{"line":8,"column":16},"end":{"line":8,"column":24}},"6":{"start":{"line":9,"column":14},"end":{"line":9,"column":29}},"7":{"start":{"line":10,"column":2},"end":{"line":16,"column":3}},"8":{"start":{"line":12,"column":6},"end":{"line":12,"column":37}},"9":{"start":{"line":13,"column":6},"end":{"line":13,"column":12}},"10":{"start":{"line":15,"column":6},"end":{"line":15,"column":34}},"11":{"start":{"line":17,"column":20},"end":{"line":17,"column":22}},"12":{"start":{"line":18,"column":2},"end":{"line":18,"column":24}},"13":{"start":{"line":19,"column":2},"end":{"line":25,"column":3}},"14":{"start":{"line":20,"column":4},"end":{"line":20,"column":66}},"15":{"start":{"line":22,"column":21},"end":{"line":22,"column":63}},"16":{"start":{"line":23,"column":4},"end":{"line":23,"column":33}},"17":{"start":{"line":24,"column":4},"end":{"line":24,"column":59}},"18":{"start":{"line":26,"column":2},"end":{"line":31,"column":3}},"19":{"start":{"line":27,"column":4},"end":{"line":27,"column":50}},"20":{"start":{"line":28,"column":4},"end":{"line":28,"column":32}},"21":{"start":{"line":30,"column":4},"end":{"line":30,"column":11}}},"fnMap":{"0":{"name":"(anonymous_0)","decl":{"start":{"line":5,"column":31},"end":{"line":5,"column":32}},"loc":{"start":{"line":5,"column":57},"end":{"line":32,"column":1}},"line":5}},"branchMap":{"0":{"loc":{"start":{"line":10,"column":2},"end":{"line":16,"column":3}},"type":"switch","locations":[{"start":{"line":11,"column":4},"end":{"line":13,"column":12}},{"start":{"line":14,"column":4},"end":{"line":15,"column":34}}],"line":10},"1":{"loc":{"start":{"line":26,"column":2},"end":{"line":31,"column":3}},"type":"if","locations":[{"start":{"line":26,"column":2},"end":{"line":31,"column":3}},{"start":{"line":29,"column":9},"end":{"line":31,"column":3}}],"line":26}},"s":{"0":2,"1":2,"2":2,"3":2,"4":23,"5":23,"6":23,"7":23,"8":22,"9":22,"10":1,"11":23,"12":23,"13":23,"14":23,"15":18,"16":17,"17":17,"18":22,"19":17,"20":17,"21":5},"f":{"0":23},"b":{"0":[22,1],"1":[17,5]},"_coverageSchema":"1a1c01bbd47fc00a2c39e90264f33305004495a9","hash":"33176cd98817e8c688d2c7adbd54c487f0efbe10"}
,"F:\\study\\api_validation_nodejs\\nodejs_api_validation\\controllers\\userController.js": {"path":"F:\\study\\api_validation_nodejs\\nodejs_api_validation\\controllers\\userController.js","statementMap":{"0":{"start":{"line":1,"column":0},"end":{"line":5,"column":2}},"1":{"start":{"line":2,"column":16},"end":{"line":2,"column":24}},"2":{"start":{"line":3,"column":2},"end":{"line":3,"column":23}},"3":{"start":{"line":4,"column":2},"end":{"line":4,"column":43}},"4":{"start":{"line":6,"column":0},"end":{"line":12,"column":2}},"5":{"start":{"line":7,"column":18},"end":{"line":7,"column":36}},"6":{"start":{"line":8,"column":17},"end":{"line":8,"column":34}},"7":{"start":{"line":9,"column":12},"end":{"line":9,"column":24}},"8":{"start":{"line":11,"column":2},"end":{"line":11,"column":31}},"9":{"start":{"line":13,"column":0},"end":{"line":17,"column":2}},"10":{"start":{"line":14,"column":13},"end":{"line":14,"column":16}},"11":{"start":{"line":15,"column":2},"end":{"line":15,"column":28}},"12":{"start":{"line":16,"column":2},"end":{"line":16,"column":44}},"13":{"start":{"line":18,"column":0},"end":{"line":22,"column":2}},"14":{"start":{"line":19,"column":13},"end":{"line":19,"column":16}},"15":{"start":{"line":20,"column":2},"end":{"line":20,"column":28}},"16":{"start":{"line":21,"column":2},"end":{"line":21,"column":45}}},"fnMap":{"0":{"name":"(anonymous_0)","decl":{"start":{"line":1,"column":25},"end":{"line":1,"column":26}},"loc":{"start":{"line":1,"column":39},"end":{"line":5,"column":1}},"line":1},"1":{"name":"(anonymous_1)","decl":{"start":{"line":6,"column":26},"end":{"line":6,"column":27}},"loc":{"start":{"line":6,"column":40},"end":{"line":12,"column":1}},"line":6},"2":{"name":"(anonymous_2)","decl":{"start":{"line":13,"column":26},"end":{"line":13,"column":27}},"loc":{"start":{"line":13,"column":40},"end":{"line":17,"column":1}},"line":13},"3":{"name":"(anonymous_3)","decl":{"start":{"line":18,"column":28},"end":{"line":18,"column":29}},"loc":{"start":{"line":18,"column":42},"end":{"line":22,"column":1}},"line":18}},"branchMap":{},"s":{"0":2,"1":5,"2":5,"3":5,"4":2,"5":11,"6":11,"7":11,"8":11,"9":2,"10":4,"11":4,"12":4,"13":2,"14":4,"15":4,"16":4},"f":{"0":5,"1":11,"2":4,"3":4},"b":{},"_coverageSchema":"1a1c01bbd47fc00a2c39e90264f33305004495a9","hash":"dfd9dfa93319863e3c7bc4c0eee317060a62d139"}
,"F:\\study\\api_validation_nodejs\\nodejs_api_validation\\routes\\user.js": {"path":"F:\\study\\api_validation_nodejs\\nodejs_api_validation\\routes\\user.js","statementMap":{"0":{"start":{"line":1,"column":16},"end":{"line":1,"column":34}},"1":{"start":{"line":2,"column":15},"end":{"line":2,"column":31}},"2":{"start":{"line":3,"column":19},"end":{"line":3,"column":59}},"3":{"start":{"line":4,"column":25},"end":{"line":4,"column":55}},"4":{"start":{"line":6,"column":0},"end":{"line":6,"column":74}},"5":{"start":{"line":7,"column":0},"end":{"line":7,"column":43}},"6":{"start":{"line":8,"column":0},"end":{"line":8,"column":45}},"7":{"start":{"line":9,"column":0},"end":{"line":9,"column":49}},"8":{"start":{"line":10,"column":0},"end":{"line":10,"column":56}},"9":{"start":{"line":12,"column":0},"end":{"line":12,"column":24}}},"fnMap":{},"branchMap":{},"s":{"0":1,"1":1,"2":1,"3":1,"4":1,"5":1,"6":1,"7":1,"8":1,"9":1},"f":{},"b":{},"_coverageSchema":"1a1c01bbd47fc00a2c39e90264f33305004495a9","hash":"bb19a7c2fd2bebcf8ce5af961e73f6beed9996c3"}
}
