TN:
SF:index.js
FN:18,(anonymous_0)
FNF:1
FNH:0
FNDA:0,(anonymous_0)
DA:1,1
DA:2,1
DA:3,1
DA:4,1
DA:5,1
DA:6,1
DA:7,1
DA:8,1
DA:9,1
DA:11,1
DA:12,1
DA:14,1
DA:16,1
DA:17,1
DA:18,0
DA:19,0
DA:23,1
LF:17
LH:15
BRDA:7,0,0,1
BRDA:7,0,1,1
BRDA:17,1,0,0
BRDA:17,1,1,1
BRF:4
BRH:3
end_of_record
TN:
SF:SchemaValidation\api_validation.js
FN:3,(anonymous_0)
FNF:1
FNH:1
FNDA:22,(anonymous_0)
DA:1,2
DA:3,2
DA:4,22
LF:3
LH:3
BRF:0
BRH:0
end_of_record
TN:
SF:SchemaValidation\customizeError.js
FN:1,(anonymous_0)
FNF:1
FNH:1
FNDA:26,(anonymous_0)
DA:1,3
DA:2,26
DA:3,26
DA:4,47
DA:5,47
DA:13,47
DA:15,32
DA:16,32
DA:18,2
DA:19,2
DA:21,13
DA:22,13
DA:26,25
LF:13
LH:13
BRDA:5,0,0,46
BRDA:5,0,1,1
BRDA:13,1,0,32
BRDA:13,1,1,2
BRDA:13,1,2,13
BRF:5
BRH:5
end_of_record
TN:
SF:SchemaValidation\index.js
FN:5,(anonymous_0)
FNF:1
FNH:1
FNDA:23,(anonymous_0)
DA:1,2
DA:2,2
DA:3,2
DA:5,2
DA:6,23
DA:8,23
DA:9,23
DA:10,23
DA:12,22
DA:13,22
DA:15,1
DA:17,23
DA:18,23
DA:19,23
DA:20,23
DA:22,18
DA:23,17
DA:24,17
DA:26,22
DA:27,17
DA:28,17
DA:30,5
LF:22
LH:22
BRDA:10,0,0,22
BRDA:10,0,1,1
BRDA:26,1,0,17
BRDA:26,1,1,5
BRF:4
BRH:4
end_of_record
TN:
SF:controllers\userController.js
FN:1,(anonymous_0)
FN:6,(anonymous_1)
FN:13,(anonymous_2)
FN:18,(anonymous_3)
FNF:4
FNH:4
FNDA:5,(anonymous_0)
FNDA:11,(anonymous_1)
FNDA:4,(anonymous_2)
FNDA:4,(anonymous_3)
DA:1,2
DA:2,5
DA:3,5
DA:4,5
DA:6,2
DA:7,11
DA:8,11
DA:9,11
DA:11,11
DA:13,2
DA:14,4
DA:15,4
DA:16,4
DA:18,2
DA:19,4
DA:20,4
DA:21,4
LF:17
LH:17
BRF:0
BRH:0
end_of_record
TN:
SF:routes\user.js
FNF:0
FNH:0
DA:1,1
DA:2,1
DA:3,1
DA:4,1
DA:6,1
DA:7,1
DA:8,1
DA:9,1
DA:10,1
DA:12,1
LF:10
LH:10
BRF:0
BRH:0
end_of_record
